{"C:\\Users\\Pure Land\\Desktop\\planet\\src\\ts\\components\\usernameSize.ts": {"path":"C:\\Users\\Pure Land\\Desktop\\planet\\src\\ts\\components\\usernameSize.ts","statementMap":{"0":{"start":{"line":2,"column":4},"end":{"line":6,"column":null}},"1":{"start":{"line":3,"column":8},"end":{"line":3,"column":41}},"2":{"start":{"line":5,"column":8},"end":{"line":5,"column":20}},"3":{"start":{"line":9,"column":0},"end":{"line":9,"column":24}},"4":{"start":{"line":10,"column":0},"end":{"line":10,"column":26}}},"fnMap":{"0":{"name":"username","decl":{"start":{"line":1,"column":9},"end":{"line":1,"column":17}},"loc":{"start":{"line":1,"column":30},"end":{"line":7,"column":1}}}},"branchMap":{"0":{"loc":{"start":{"line":2,"column":4},"end":{"line":6,"column":null}},"type":"if","locations":[{"start":{"line":2,"column":4},"end":{"line":6,"column":null}},{"start":{"line":4,"column":11},"end":{"line":6,"column":null}}]}},"s":{"0":2,"1":1,"2":1,"3":1,"4":1},"f":{"0":2},"b":{"0":[1,1]}}
}
